0 info it worked if it ends with ok
1 verbose cli [ '/usr/local/bin/node', '/usr/local/bin/npm', 'run', 'test' ]
2 info using npm@3.9.5
3 info using node@v6.0.0
4 verbose run-script [ 'pretest', 'test', 'posttest' ]
5 info lifecycle flatpickr@1.8.9~pretest: flatpickr@1.8.9
6 silly lifecycle flatpickr@1.8.9~pretest: no script for pretest, continuing
7 info lifecycle flatpickr@1.8.9~test: flatpickr@1.8.9
8 verbose lifecycle flatpickr@1.8.9~test: unsafe-perm in lifecycle true
9 verbose lifecycle flatpickr@1.8.9~test: PATH: /usr/local/lib/node_modules/npm/bin/node-gyp-bin:/Users/Kai/Work/SideProjects/flatpickr/node_modules/.bin:/usr/local/bin:/Users/Kai/.rvm/gems/ruby-2.1.2/bin:/Users/Kai/.rvm/gems/ruby-2.1.2@global/bin:/Users/Kai/.rvm/rubies/ruby-2.1.2/bin:/usr/local/bin:/usr/local/Cellar/ruby/2.1.2_2/bin:/Users/Kai/.rvm/gems/ruby-2.1.2/bin:/Users/Kai/.rvm/gems/ruby-2.1.2@global/bin:/Users/Kai/.rvm/rubies/ruby-2.1.2/bin:/Library/Frameworks/Python.framework/Versions/3.4/bin:/usr/bin:/bin:/usr/sbin:/sbin:/usr/local/bin:/Users/Kai/.local/bin:/opt/X11/bin:/usr/local/git/bin:/usr/texbin:/Users/Kai/.rvm/bin:/Users/Kai/sdk/tools
10 verbose lifecycle flatpickr@1.8.9~test: CWD: /Users/Kai/Work/SideProjects/flatpickr
11 silly lifecycle flatpickr@1.8.9~test: Args: [ '-c', 'start test/index.html' ]
12 info lifecycle flatpickr@1.8.9~test: Failed to exec test script
13 verbose stack Error: flatpickr@1.8.9 test: `start test/index.html`
13 verbose stack spawn ENOENT
13 verbose stack     at ChildProcess.<anonymous> (/usr/local/lib/node_modules/npm/lib/utils/spawn.js:17:16)
13 verbose stack     at emitTwo (events.js:106:13)
13 verbose stack     at ChildProcess.emit (events.js:191:7)
13 verbose stack     at maybeClose (internal/child_process.js:850:16)
13 verbose stack     at Process.ChildProcess._handle.onexit (internal/child_process.js:215:5)
14 verbose pkgid flatpickr@1.8.9
15 verbose cwd /Users/Kai/Work/SideProjects/flatpickr
16 error Darwin 15.5.0
17 error argv "/usr/local/bin/node" "/usr/local/bin/npm" "run" "test"
18 error node v6.0.0
19 error npm  v3.9.5
20 error file sh
21 error code ELIFECYCLE
22 error errno ENOENT
23 error syscall spawn
24 error flatpickr@1.8.9 test: `start test/index.html`
24 error spawn ENOENT
25 error Failed at the flatpickr@1.8.9 test script 'start test/index.html'.
25 error Make sure you have the latest version of node.js and npm installed.
25 error If you do, this is most likely a problem with the flatpickr package,
25 error not with npm itself.
25 error Tell the author that this fails on your system:
25 error     start test/index.html
25 error You can get information on how to open an issue for this project with:
25 error     npm bugs flatpickr
25 error Or if that isn't available, you can get their info via:
25 error     npm owner ls flatpickr
25 error There is likely additional logging output above.
26 verbose exit [ 1, true ]
